c:\users\fuhrer\source\repos\decisiontree\decisiontree\debug\vc142.pdb
c:\users\fuhrer\source\repos\decisiontree\decisiontree\debug\vc142.idb
c:\users\fuhrer\source\repos\decisiontree\decisiontree\debug\node.obj
c:\users\fuhrer\source\repos\decisiontree\decisiontree\debug\main.obj
c:\users\fuhrer\source\repos\decisiontree\decisiontree\debug\decisiontree.obj
c:\users\fuhrer\source\repos\decisiontree\decisiontree\debug\csvreader.obj
c:\users\fuhrer\source\repos\decisiontree\debug\decisiontree.pdb
c:\users\fuhrer\source\repos\decisiontree\decisiontree\debug\decisiontree.tlog\cl.command.1.tlog
c:\users\fuhrer\source\repos\decisiontree\decisiontree\debug\decisiontree.tlog\cl.read.1.tlog
c:\users\fuhrer\source\repos\decisiontree\decisiontree\debug\decisiontree.tlog\cl.write.1.tlog
c:\users\fuhrer\source\repos\decisiontree\decisiontree\debug\decisiontree.tlog\link-cvtres.read.1.tlog
c:\users\fuhrer\source\repos\decisiontree\decisiontree\debug\decisiontree.tlog\link-cvtres.write.1.tlog
c:\users\fuhrer\source\repos\decisiontree\decisiontree\debug\decisiontree.tlog\link-rc.read.1.tlog
c:\users\fuhrer\source\repos\decisiontree\decisiontree\debug\decisiontree.tlog\link-rc.write.1.tlog
c:\users\fuhrer\source\repos\decisiontree\decisiontree\debug\decisiontree.tlog\link.10396-cvtres.read.1.tlog
c:\users\fuhrer\source\repos\decisiontree\decisiontree\debug\decisiontree.tlog\link.10396-cvtres.write.1.tlog
c:\users\fuhrer\source\repos\decisiontree\decisiontree\debug\decisiontree.tlog\link.10396-rc.read.1.tlog
c:\users\fuhrer\source\repos\decisiontree\decisiontree\debug\decisiontree.tlog\link.10396-rc.write.1.tlog
c:\users\fuhrer\source\repos\decisiontree\decisiontree\debug\decisiontree.tlog\link.10396.read.1.tlog
c:\users\fuhrer\source\repos\decisiontree\decisiontree\debug\decisiontree.tlog\link.10396.write.1.tlog
c:\users\fuhrer\source\repos\decisiontree\decisiontree\debug\decisiontree.tlog\link.command.1.tlog
c:\users\fuhrer\source\repos\decisiontree\decisiontree\debug\decisiontree.tlog\link.read.1.tlog
c:\users\fuhrer\source\repos\decisiontree\decisiontree\debug\decisiontree.tlog\link.write.1.tlog
